<?xml version="1.0" encoding="UTF-8"?>
<testng-results ignored="0" total="1" passed="1" failed="0" skipped="0">
  <reporter-output>
  </reporter-output>
  <suite started-at="2021-11-01T14:16:54 CDT" name="BankingSuite" finished-at="2021-11-01T14:17:07 CDT" duration-ms="12900">
    <groups>
    </groups>
    <test started-at="2021-11-01T14:16:54 CDT" name="Test" finished-at="2021-11-01T14:17:07 CDT" duration-ms="12900">
      <class name="com.banking.testCases.TC_LoginDDT_002">
        <test-method is-config="true" signature="setup(java.lang.String)[pri:0, instance:com.banking.testCases.TC_LoginDDT_002@5223e5ee]" started-at="2021-11-01T14:16:54 CDT" name="setup" finished-at="2021-11-01T14:16:58 CDT" duration-ms="3476" status="PASS">
          <params>
            <param index="0">
              <value>
                <![CDATA[chrome]]>
              </value>
            </param>
          </params>
          <reporter-output>
          </reporter-output>
        </test-method> <!-- setup -->
        <test-method signature="loginDDT(java.lang.String,java.lang.String)[pri:0, instance:com.banking.testCases.TC_LoginDDT_002@5223e5ee]" started-at="2021-11-01T14:16:59 CDT" name="loginDDT" data-provider="LoginData" finished-at="2021-11-01T14:17:06 CDT" duration-ms="7723" status="PASS">
          <params>
            <param index="0">
              <value>
                <![CDATA[mngr360450]]>
              </value>
            </param>
            <param index="1">
              <value>
                <![CDATA[EmAjUqu]]>
              </value>
            </param>
          </params>
          <reporter-output>
          </reporter-output>
        </test-method> <!-- loginDDT -->
        <test-method is-config="true" signature="tearDown()[pri:0, instance:com.banking.testCases.TC_LoginDDT_002@5223e5ee]" started-at="2021-11-01T14:17:06 CDT" name="tearDown" finished-at="2021-11-01T14:17:07 CDT" duration-ms="733" status="PASS">
          <reporter-output>
          </reporter-output>
        </test-method> <!-- tearDown -->
      </class> <!-- com.banking.testCases.TC_LoginDDT_002 -->
    </test> <!-- Test -->
  </suite> <!-- BankingSuite -->
</testng-results>
